Flow report for ltdc
Thu Jul 14 08:22:13 2022
Quartus Prime Version 21.1.0 Build 842 10/21/2021 SJ Lite Edition


---------------------
; Table of Contents ;
---------------------
  1. Legal Notice
  2. Flow Summary
  3. Flow Settings
  4. Flow Non-Default Global Settings
  5. Flow Elapsed Time
  6. Flow OS Summary
  7. Flow Log
  8. Flow Messages
  9. Flow Suppressed Messages



----------------
; Legal Notice ;
----------------
Copyright (C) 2021  Intel Corporation. All rights reserved.
Your use of Intel Corporation's design tools, logic functions 
and other software and tools, and any partner logic 
functions, and any output files from any of the foregoing 
(including device programming or simulation files), and any 
associated documentation or information are expressly subject 
to the terms and conditions of the Intel Program License 
Subscription Agreement, the Intel Quartus Prime License Agreement,
the Intel FPGA IP License Agreement, or other applicable license
agreement, including, without limitation, that your use is for
the sole purpose of programming logic devices manufactured by
Intel and sold by Intel or its authorized distributors.  Please
refer to the applicable agreement for further details, at
https://fpgasoftware.intel.com/eula.



+---------------------------------------------------------------------+
; Flow Summary                                                        ;
+-----------------------+---------------------------------------------+
; Flow Status           ; Successful - Thu Jul 14 08:22:13 2022       ;
; Quartus Prime Version ; 21.1.0 Build 842 10/21/2021 SJ Lite Edition ;
; Revision Name         ; ltdc                                        ;
; Top-level Entity Name ; ltdc                                        ;
; Family                ; MAX II                                      ;
; Device                ; EPM240T100C5                                ;
; Timing Models         ; Final                                       ;
; Total logic elements  ; 107 / 240 ( 45 % )                          ;
; Total pins            ; 30 / 80 ( 38 % )                            ;
; Total virtual pins    ; 0                                           ;
; UFM blocks            ; 0 / 1 ( 0 % )                               ;
+-----------------------+---------------------------------------------+


+-----------------------------------------+
; Flow Settings                           ;
+-------------------+---------------------+
; Option            ; Setting             ;
+-------------------+---------------------+
; Start date & time ; 07/14/2022 08:21:59 ;
; Main task         ; Compilation         ;
; Revision Name     ; ltdc                ;
+-------------------+---------------------+


+---------------------------------------------------------------------------------------------------------------------------------------+
; Flow Non-Default Global Settings                                                                                                      ;
+---------------------------------------+-----------------------------+---------------+-------------+-----------------------------------+
; Assignment Name                       ; Value                       ; Default Value ; Entity Name ; Section Id                        ;
+---------------------------------------+-----------------------------+---------------+-------------+-----------------------------------+
; COMPILER_SIGNATURE_ID                 ; 52227960309.165775811933872 ; --            ; --          ; --                                ;
; EDA_DESIGN_INSTANCE_NAME              ; NA                          ; --            ; --          ; ltdc_vlg_tst                      ;
; EDA_GENERATE_FUNCTIONAL_NETLIST       ; Off                         ; --            ; --          ; eda_board_design_timing           ;
; EDA_GENERATE_FUNCTIONAL_NETLIST       ; Off                         ; --            ; --          ; eda_board_design_boundary_scan    ;
; EDA_GENERATE_FUNCTIONAL_NETLIST       ; Off                         ; --            ; --          ; eda_board_design_signal_integrity ;
; EDA_GENERATE_FUNCTIONAL_NETLIST       ; Off                         ; --            ; --          ; eda_board_design_symbol           ;
; EDA_NATIVELINK_SIMULATION_TEST_BENCH  ; ltdc_vlg_tst                ; --            ; --          ; eda_simulation                    ;
; EDA_OUTPUT_DATA_FORMAT                ; Verilog Hdl                 ; --            ; --          ; eda_simulation                    ;
; EDA_SIMULATION_TOOL                   ; Questa Intel FPGA (Verilog) ; <None>        ; --          ; --                                ;
; EDA_TEST_BENCH_ENABLE_STATUS          ; TEST_BENCH_MODE             ; --            ; --          ; eda_simulation                    ;
; EDA_TEST_BENCH_FILE                   ; simulation/modelsim/ltdc.vt ; --            ; --          ; ltdc_vlg_tst                      ;
; EDA_TEST_BENCH_MODULE_NAME            ; ltdc_vlg_tst                ; --            ; --          ; ltdc_vlg_tst                      ;
; EDA_TEST_BENCH_NAME                   ; ltdc_vlg_tst                ; --            ; --          ; eda_simulation                    ;
; EDA_TIME_SCALE                        ; 10 ps                       ; --            ; --          ; eda_simulation                    ;
; MAX_CORE_JUNCTION_TEMP                ; 85                          ; --            ; --          ; --                                ;
; MIN_CORE_JUNCTION_TEMP                ; 0                           ; --            ; --          ; --                                ;
; POWER_EXT_SUPPLY_VOLTAGE_TO_REGULATOR ; 3.3V                        ; --            ; --          ; --                                ;
; POWER_PRESET_COOLING_SOLUTION         ; No Heat Sink With Still Air ; --            ; --          ; --                                ;
; PROJECT_OUTPUT_DIRECTORY              ; output_files                ; --            ; --          ; --                                ;
+---------------------------------------+-----------------------------+---------------+-------------+-----------------------------------+


+--------------------------------------------------------------------------------------------------------------------------+
; Flow Elapsed Time                                                                                                        ;
+----------------------+--------------+-------------------------+---------------------+------------------------------------+
; Module Name          ; Elapsed Time ; Average Processors Used ; Peak Virtual Memory ; Total CPU Time (on all processors) ;
+----------------------+--------------+-------------------------+---------------------+------------------------------------+
; Analysis & Synthesis ; 00:00:07     ; 1.0                     ; 358 MB              ; 00:00:14                           ;
; Fitter               ; 00:00:01     ; 1.1                     ; 826 MB              ; 00:00:01                           ;
; Assembler            ; 00:00:00     ; 1.0                     ; 347 MB              ; 00:00:00                           ;
; Timing Analyzer      ; 00:00:00     ; 1.0                     ; 385 MB              ; 00:00:00                           ;
; EDA Netlist Writer   ; 00:00:00     ; 1.0                     ; 598 MB              ; 00:00:00                           ;
; Total                ; 00:00:08     ; --                      ; --                  ; 00:00:15                           ;
+----------------------+--------------+-------------------------+---------------------+------------------------------------+


+--------------------------------------------------------------------------------------------+
; Flow OS Summary                                                                            ;
+----------------------+------------------------+--------------+------------+----------------+
; Module Name          ; Machine Hostname       ; OS Name      ; OS Version ; Processor type ;
+----------------------+------------------------+--------------+------------+----------------+
; Analysis & Synthesis ; jlywxy-virtual-machine ; Ubuntu 22.04 ; 22         ; x86_64         ;
; Fitter               ; jlywxy-virtual-machine ; Ubuntu 22.04 ; 22         ; x86_64         ;
; Assembler            ; jlywxy-virtual-machine ; Ubuntu 22.04 ; 22         ; x86_64         ;
; Timing Analyzer      ; jlywxy-virtual-machine ; Ubuntu 22.04 ; 22         ; x86_64         ;
; EDA Netlist Writer   ; jlywxy-virtual-machine ; Ubuntu 22.04 ; 22         ; x86_64         ;
+----------------------+------------------------+--------------+------------+----------------+


------------
; Flow Log ;
------------
quartus_map --read_settings_files=on --write_settings_files=off ltdc -c ltdc
quartus_fit --read_settings_files=off --write_settings_files=off ltdc -c ltdc
quartus_asm --read_settings_files=off --write_settings_files=off ltdc -c ltdc
quartus_sta ltdc -c ltdc
quartus_eda --read_settings_files=off --write_settings_files=off ltdc -c ltdc



