Flow report for cy_lvdslcd
Tue Aug  9 17:12:01 2022
Quartus Prime Version 21.1.0 Build 842 10/21/2021 SJ Lite Edition


---------------------
; Table of Contents ;
---------------------
  1. Legal Notice
  2. Flow Summary
  3. Flow Settings
  4. Flow Non-Default Global Settings
  5. Flow Elapsed Time
  6. Flow OS Summary
  7. Flow Log
  8. Flow Messages
  9. Flow Suppressed Messages



----------------
; Legal Notice ;
----------------
Copyright (C) 2021  Intel Corporation. All rights reserved.
Your use of Intel Corporation's design tools, logic functions 
and other software and tools, and any partner logic 
functions, and any output files from any of the foregoing 
(including device programming or simulation files), and any 
associated documentation or information are expressly subject 
to the terms and conditions of the Intel Program License 
Subscription Agreement, the Intel Quartus Prime License Agreement,
the Intel FPGA IP License Agreement, or other applicable license
agreement, including, without limitation, that your use is for
the sole purpose of programming logic devices manufactured by
Intel and sold by Intel or its authorized distributors.  Please
refer to the applicable agreement for further details, at
https://fpgasoftware.intel.com/eula.



+----------------------------------------------------------------------------------+
; Flow Summary                                                                     ;
+------------------------------------+---------------------------------------------+
; Flow Status                        ; Successful - Tue Aug  9 17:12:01 2022       ;
; Quartus Prime Version              ; 21.1.0 Build 842 10/21/2021 SJ Lite Edition ;
; Revision Name                      ; cy_lvdslcd                                  ;
; Top-level Entity Name              ; cy_lvdslcd                                  ;
; Family                             ; Cyclone IV E                                ;
; Device                             ; EP4CE10F17C8                                ;
; Timing Models                      ; Final                                       ;
; Total logic elements               ; 615 / 10,320 ( 6 % )                        ;
;     Total combinational functions  ; 470 / 10,320 ( 5 % )                        ;
;     Dedicated logic registers      ; 325 / 10,320 ( 3 % )                        ;
; Total registers                    ; 325                                         ;
; Total pins                         ; 12 / 180 ( 7 % )                            ;
; Total virtual pins                 ; 0                                           ;
; Total memory bits                  ; 0 / 423,936 ( 0 % )                         ;
; Embedded Multiplier 9-bit elements ; 0 / 46 ( 0 % )                              ;
; Total PLLs                         ; 2 / 2 ( 100 % )                             ;
+------------------------------------+---------------------------------------------+


+-----------------------------------------+
; Flow Settings                           ;
+-------------------+---------------------+
; Option            ; Setting             ;
+-------------------+---------------------+
; Start date & time ; 08/09/2022 17:11:40 ;
; Main task         ; Compilation         ;
; Revision Name     ; cy_lvdslcd          ;
+-------------------+---------------------+


+-------------------------------------------------------------------------------------------------------------------------------------------------+
; Flow Non-Default Global Settings                                                                                                                ;
+--------------------------------------+----------------------------------------+---------------+-------------+-----------------------------------+
; Assignment Name                      ; Value                                  ; Default Value ; Entity Name ; Section Id                        ;
+--------------------------------------+----------------------------------------+---------------+-------------+-----------------------------------+
; COMPILER_SIGNATURE_ID                ; 52227960309.166003630018182            ; --            ; --          ; --                                ;
; EDA_DESIGN_INSTANCE_NAME             ; NA                                     ; --            ; --          ; cy_lvdslcd_vlg_tst                ;
; EDA_GENERATE_FUNCTIONAL_NETLIST      ; Off                                    ; --            ; --          ; eda_board_design_timing           ;
; EDA_GENERATE_FUNCTIONAL_NETLIST      ; Off                                    ; --            ; --          ; eda_board_design_boundary_scan    ;
; EDA_GENERATE_FUNCTIONAL_NETLIST      ; Off                                    ; --            ; --          ; eda_board_design_signal_integrity ;
; EDA_GENERATE_FUNCTIONAL_NETLIST      ; Off                                    ; --            ; --          ; eda_board_design_symbol           ;
; EDA_NATIVELINK_SIMULATION_TEST_BENCH ; cy_lvdslcd_vlg_tst                     ; --            ; --          ; eda_simulation                    ;
; EDA_OUTPUT_DATA_FORMAT               ; Verilog Hdl                            ; --            ; --          ; eda_simulation                    ;
; EDA_SIMULATION_TOOL                  ; Questa Intel FPGA (Verilog)            ; <None>        ; --          ; --                                ;
; EDA_TEST_BENCH_ENABLE_STATUS         ; TEST_BENCH_MODE                        ; --            ; --          ; eda_simulation                    ;
; EDA_TEST_BENCH_FILE                  ; simulation/modelsim/cy_lvdslcd.vt      ; --            ; --          ; cy_lvdslcd_vlg_tst                ;
; EDA_TEST_BENCH_MODULE_NAME           ; cy_lvdslcd_vlg_tst                     ; --            ; --          ; cy_lvdslcd_vlg_tst                ;
; EDA_TEST_BENCH_NAME                  ; cy_lvdslcd_vlg_tst                     ; --            ; --          ; eda_simulation                    ;
; EDA_TIME_SCALE                       ; 1 ns                                   ; --            ; --          ; eda_simulation                    ;
; IOBANK_VCCIO                         ; 2.5V                                   ; --            ; --          ; 3                                 ;
; MAX_CORE_JUNCTION_TEMP               ; 85                                     ; --            ; --          ; --                                ;
; MIN_CORE_JUNCTION_TEMP               ; 0                                      ; --            ; --          ; --                                ;
; MISC_FILE                            ; lcd_serdes_tx.bsf                      ; --            ; --          ; --                                ;
; MISC_FILE                            ; lcd_serdes_tx_inst.v                   ; --            ; --          ; --                                ;
; MISC_FILE                            ; lcd_serdes_tx_bb.v                     ; --            ; --          ; --                                ;
; MISC_FILE                            ; lcd_serdes_tx.inc                      ; --            ; --          ; --                                ;
; MISC_FILE                            ; lcd_serdes_tx.cmp                      ; --            ; --          ; --                                ;
; MISC_FILE                            ; lcd_serdes_tx.ppf                      ; --            ; --          ; --                                ;
; MISC_FILE                            ; lcdpll_inst.v                          ; --            ; --          ; --                                ;
; MISC_FILE                            ; lcdpll_bb.v                            ; --            ; --          ; --                                ;
; MISC_FILE                            ; lcdpll.ppf                             ; --            ; --          ; --                                ;
; NOMINAL_CORE_SUPPLY_VOLTAGE          ; 1.2V                                   ; --            ; --          ; --                                ;
; PARTITION_COLOR                      ; -- (Not supported for targeted family) ; --            ; --          ; Top                               ;
; PARTITION_FITTER_PRESERVATION_LEVEL  ; -- (Not supported for targeted family) ; --            ; --          ; Top                               ;
; PARTITION_NETLIST_TYPE               ; -- (Not supported for targeted family) ; --            ; --          ; Top                               ;
; POWER_BOARD_THERMAL_MODEL            ; None (CONSERVATIVE)                    ; --            ; --          ; --                                ;
; POWER_PRESET_COOLING_SOLUTION        ; 23 MM HEAT SINK WITH 200 LFPM AIRFLOW  ; --            ; --          ; --                                ;
; PROJECT_OUTPUT_DIRECTORY             ; output_files                           ; --            ; --          ; --                                ;
+--------------------------------------+----------------------------------------+---------------+-------------+-----------------------------------+


+--------------------------------------------------------------------------------------------------------------------------+
; Flow Elapsed Time                                                                                                        ;
+----------------------+--------------+-------------------------+---------------------+------------------------------------+
; Module Name          ; Elapsed Time ; Average Processors Used ; Peak Virtual Memory ; Total CPU Time (on all processors) ;
+----------------------+--------------+-------------------------+---------------------+------------------------------------+
; Analysis & Synthesis ; 00:00:09     ; 1.0                     ; 426 MB              ; 00:00:17                           ;
; Fitter               ; 00:00:04     ; 1.1                     ; 982 MB              ; 00:00:05                           ;
; Assembler            ; 00:00:00     ; 1.0                     ; 363 MB              ; 00:00:01                           ;
; Timing Analyzer      ; 00:00:02     ; 1.1                     ; 486 MB              ; 00:00:02                           ;
; EDA Netlist Writer   ; 00:00:01     ; 1.0                     ; 612 MB              ; 00:00:00                           ;
; Total                ; 00:00:16     ; --                      ; --                  ; 00:00:25                           ;
+----------------------+--------------+-------------------------+---------------------+------------------------------------+


+----------------------------------------------------------------------------------------------+
; Flow OS Summary                                                                              ;
+----------------------+------------------------+----------------+------------+----------------+
; Module Name          ; Machine Hostname       ; OS Name        ; OS Version ; Processor type ;
+----------------------+------------------------+----------------+------------+----------------+
; Analysis & Synthesis ; jlywxy-virtual-machine ; Ubuntu 22.04.1 ; 22         ; x86_64         ;
; Fitter               ; jlywxy-virtual-machine ; Ubuntu 22.04.1 ; 22         ; x86_64         ;
; Assembler            ; jlywxy-virtual-machine ; Ubuntu 22.04.1 ; 22         ; x86_64         ;
; Timing Analyzer      ; jlywxy-virtual-machine ; Ubuntu 22.04.1 ; 22         ; x86_64         ;
; EDA Netlist Writer   ; jlywxy-virtual-machine ; Ubuntu 22.04.1 ; 22         ; x86_64         ;
+----------------------+------------------------+----------------+------------+----------------+


------------
; Flow Log ;
------------
quartus_map --read_settings_files=on --write_settings_files=off cy_lvdslcd -c cy_lvdslcd
quartus_fit --read_settings_files=off --write_settings_files=off cy_lvdslcd -c cy_lvdslcd
quartus_asm --read_settings_files=off --write_settings_files=off cy_lvdslcd -c cy_lvdslcd
quartus_sta cy_lvdslcd -c cy_lvdslcd
quartus_eda --read_settings_files=off --write_settings_files=off cy_lvdslcd -c cy_lvdslcd



